<?xml version="1.0" encoding="utf-8"?><testsuite errors="0" failures="0" name="pytest" skipped="0" tests="8" time="0.046"><testcase classname="tests.test_binary" file="tests\test_binary.py" line="3" name="test_binary_init_int" time="0.001"></testcase><testcase classname="tests.test_binary" file="tests\test_binary.py" line="8" name="test_binary_init_bitstr" time="0.002"></testcase><testcase classname="tests.test_binary" file="tests\test_binary.py" line="12" name="test_binary_init_binstr" time="0.001"></testcase><testcase classname="tests.test_binary" file="tests\test_binary.py" line="16" name="test_binary_init_hexstr" time="0.001"></testcase><testcase classname="tests.test_binary" file="tests\test_binary.py" line="20" name="test_binary_init_hex" time="0.000"></testcase><testcase classname="tests.test_binary" file="tests\test_binary.py" line="24" name="test_binary_init_intseq" time="0.002"></testcase><testcase classname="tests.test_binary" file="tests\test_binary.py" line="28" name="test_binary_init_strseq" time="0.001"></testcase><testcase classname="tests.test_binary" file="tests\test_binary.py" line="32" name="test_binary_init_negative" time="0.002"></testcase></testsuite>